0 info it worked if it ends with ok
1 verbose cli [ '/usr/bin/node', '/usr/bin/npm', 'i', 'bcrypt' ]
2 info using npm@3.5.2
3 info using node@v8.10.0
4 silly loadCurrentTree Starting
5 silly install loadCurrentTree
6 silly install readLocalPackageData
7 silly fetchPackageMetaData bcrypt
8 silly fetchNamedPackageData bcrypt
9 silly mapToRegistry name bcrypt
10 silly mapToRegistry using default registry
11 silly mapToRegistry registry https://registry.npmjs.org/
12 silly mapToRegistry uri https://registry.npmjs.org/bcrypt
13 verbose request uri https://registry.npmjs.org/bcrypt
14 verbose request no auth needed
15 info attempt registry request try #1 at 7:39:12 AM
16 verbose request id 4d11f541daece85a
17 verbose etag W/"834568389032c2e093f374cb001bf46c"
18 verbose lastModified Mon, 02 Mar 2020 16:23:45 GMT
19 http request GET https://registry.npmjs.org/bcrypt
20 http 304 https://registry.npmjs.org/bcrypt
21 verbose headers { date: 'Wed, 11 Mar 2020 02:09:12 GMT',
21 verbose headers   connection: 'keep-alive',
21 verbose headers   'set-cookie':
21 verbose headers    [ '__cfduid=dda5639ee4469cbf5508b6f79f0d734c91583892552; expires=Fri, 10-Apr-20 02:09:12 GMT; path=/; domain=.npmjs.org; HttpOnly; SameSite=Lax' ],
21 verbose headers   'cf-ray': '5721bb66ef89deaa-BLR',
21 verbose headers   age: '84',
21 verbose headers   'cache-control': 'public, max-age=300',
21 verbose headers   etag: '"834568389032c2e093f374cb001bf46c"',
21 verbose headers   'last-modified': 'Mon, 02 Mar 2020 16:23:45 GMT',
21 verbose headers   vary: 'Accept-Encoding',
21 verbose headers   'cf-cache-status': 'HIT',
21 verbose headers   'expect-ct': 'max-age=604800, report-uri="https://report-uri.cloudflare.com/cdn-cgi/beacon/expect-ct"',
21 verbose headers   server: 'cloudflare' }
22 silly get cb [ 304,
22 silly get   { date: 'Wed, 11 Mar 2020 02:09:12 GMT',
22 silly get     connection: 'keep-alive',
22 silly get     'set-cookie':
22 silly get      [ '__cfduid=dda5639ee4469cbf5508b6f79f0d734c91583892552; expires=Fri, 10-Apr-20 02:09:12 GMT; path=/; domain=.npmjs.org; HttpOnly; SameSite=Lax' ],
22 silly get     'cf-ray': '5721bb66ef89deaa-BLR',
22 silly get     age: '84',
22 silly get     'cache-control': 'public, max-age=300',
22 silly get     etag: '"834568389032c2e093f374cb001bf46c"',
22 silly get     'last-modified': 'Mon, 02 Mar 2020 16:23:45 GMT',
22 silly get     vary: 'Accept-Encoding',
22 silly get     'cf-cache-status': 'HIT',
22 silly get     'expect-ct': 'max-age=604800, report-uri="https://report-uri.cloudflare.com/cdn-cgi/beacon/expect-ct"',
22 silly get     server: 'cloudflare' } ]
23 verbose etag https://registry.npmjs.org/bcrypt from cache
24 verbose get saving bcrypt to /home/pysix/.npm/registry.npmjs.org/bcrypt/.cache.json
25 silly install normalizeTree
26 silly loadCurrentTree Finishing
27 silly loadIdealTree Starting
28 silly install loadIdealTree
29 silly cloneCurrentTree Starting
30 silly install cloneCurrentTreeToIdealTree
31 silly cloneCurrentTree Finishing
32 silly loadShrinkwrap Starting
33 silly install loadShrinkwrap
34 silly loadShrinkwrap Finishing
35 silly loadAllDepsIntoIdealTree Starting
36 silly install loadAllDepsIntoIdealTree
37 silly resolveWithNewModule bcrypt@4.0.1 checking installable status
38 silly cache add args [ 'bcrypt', null ]
39 verbose cache add spec bcrypt
40 silly cache add parsed spec Result {
40 silly cache add   raw: 'bcrypt',
40 silly cache add   scope: null,
40 silly cache add   name: 'bcrypt',
40 silly cache add   rawSpec: '',
40 silly cache add   spec: 'latest',
40 silly cache add   type: 'tag' }
41 silly addNamed bcrypt@latest
42 verbose addNamed "latest" is being treated as a dist-tag for bcrypt
43 info addNameTag [ 'bcrypt', 'latest' ]
44 silly mapToRegistry name bcrypt
45 silly mapToRegistry using default registry
46 silly mapToRegistry registry https://registry.npmjs.org/
47 silly mapToRegistry uri https://registry.npmjs.org/bcrypt
48 verbose addNameTag registry:https://registry.npmjs.org/bcrypt not in flight; fetching
49 verbose get https://registry.npmjs.org/bcrypt not expired, no request
50 silly addNameTag next cb for bcrypt with tag latest
51 silly addNamed bcrypt@4.0.1
52 verbose addNamed "4.0.1" is a plain semver version for bcrypt
53 silly cache afterAdd bcrypt@4.0.1
54 verbose afterAdd /home/pysix/.npm/bcrypt/4.0.1/package/package.json not in flight; writing
55 verbose afterAdd /home/pysix/.npm/bcrypt/4.0.1/package/package.json written
56 silly fetchNamedPackageData fsevents
57 silly mapToRegistry name fsevents
58 silly mapToRegistry using default registry
59 silly mapToRegistry registry https://registry.npmjs.org/
60 silly mapToRegistry uri https://registry.npmjs.org/fsevents
61 verbose request uri https://registry.npmjs.org/fsevents
62 verbose request no auth needed
63 info attempt registry request try #1 at 7:39:13 AM
64 verbose etag W/"7485786cbc25a6c4481b015e57d2f0e9"
65 verbose lastModified Mon, 03 Feb 2020 05:44:47 GMT
66 http request GET https://registry.npmjs.org/fsevents
67 http 304 https://registry.npmjs.org/fsevents
68 verbose headers { date: 'Wed, 11 Mar 2020 02:09:13 GMT',
68 verbose headers   connection: 'keep-alive',
68 verbose headers   'set-cookie':
68 verbose headers    [ '__cfduid=d0a21159107aa2087720e27e120447be81583892553; expires=Fri, 10-Apr-20 02:09:13 GMT; path=/; domain=.npmjs.org; HttpOnly; SameSite=Lax' ],
68 verbose headers   'cf-ray': '5721bb6dbb42deaa-BLR',
68 verbose headers   age: '82',
68 verbose headers   'cache-control': 'public, max-age=300',
68 verbose headers   etag: '"7485786cbc25a6c4481b015e57d2f0e9"',
68 verbose headers   'last-modified': 'Mon, 03 Feb 2020 05:44:47 GMT',
68 verbose headers   vary: 'Accept-Encoding',
68 verbose headers   'cf-cache-status': 'HIT',
68 verbose headers   'expect-ct': 'max-age=604800, report-uri="https://report-uri.cloudflare.com/cdn-cgi/beacon/expect-ct"',
68 verbose headers   server: 'cloudflare' }
69 silly get cb [ 304,
69 silly get   { date: 'Wed, 11 Mar 2020 02:09:13 GMT',
69 silly get     connection: 'keep-alive',
69 silly get     'set-cookie':
69 silly get      [ '__cfduid=d0a21159107aa2087720e27e120447be81583892553; expires=Fri, 10-Apr-20 02:09:13 GMT; path=/; domain=.npmjs.org; HttpOnly; SameSite=Lax' ],
69 silly get     'cf-ray': '5721bb6dbb42deaa-BLR',
69 silly get     age: '82',
69 silly get     'cache-control': 'public, max-age=300',
69 silly get     etag: '"7485786cbc25a6c4481b015e57d2f0e9"',
69 silly get     'last-modified': 'Mon, 03 Feb 2020 05:44:47 GMT',
69 silly get     vary: 'Accept-Encoding',
69 silly get     'cf-cache-status': 'HIT',
69 silly get     'expect-ct': 'max-age=604800, report-uri="https://report-uri.cloudflare.com/cdn-cgi/beacon/expect-ct"',
69 silly get     server: 'cloudflare' } ]
70 verbose etag https://registry.npmjs.org/fsevents from cache
71 verbose get saving fsevents to /home/pysix/.npm/registry.npmjs.org/fsevents/.cache.json
72 silly resolveWithNewModule fsevents@2.1.2 checking installable status
73 silly loadAllDepsIntoIdealTree Finishing
74 silly idealTree:prePrune carbooking-backend@1.0.0
74 silly idealTree:prePrune +-- @phc/format@0.5.0
74 silly idealTree:prePrune +-- @types/node@13.9.0
74 silly idealTree:prePrune +-- abbrev@1.1.1
74 silly idealTree:prePrune +-- accepts@1.3.7
74 silly idealTree:prePrune +-- ajv-keywords@3.4.1
74 silly idealTree:prePrune +-- ajv@6.12.0
74 silly idealTree:prePrune +-- ansi-align@2.0.0
74 silly idealTree:prePrune | +-- ansi-regex@3.0.0
74 silly idealTree:prePrune | +-- is-fullwidth-code-point@2.0.0
74 silly idealTree:prePrune | +-- string-width@2.1.1
74 silly idealTree:prePrune | `-- strip-ansi@4.0.0
74 silly idealTree:prePrune +-- ansi-regex@2.1.1
74 silly idealTree:prePrune +-- ansi-styles@3.2.1
74 silly idealTree:prePrune +-- anymatch@3.1.1
74 silly idealTree:prePrune +-- aproba@1.2.0
74 silly idealTree:prePrune +-- are-we-there-yet@1.1.5
74 silly idealTree:prePrune +-- argon2@0.26.1
74 silly idealTree:prePrune +-- array-flatten@1.1.1
74 silly idealTree:prePrune +-- asap@2.0.6
74 silly idealTree:prePrune +-- asn1@0.2.4
74 silly idealTree:prePrune +-- assert-plus@1.0.0
74 silly idealTree:prePrune +-- asynckit@0.4.0
74 silly idealTree:prePrune +-- aws-sign2@0.7.0
74 silly idealTree:prePrune +-- aws4@1.9.1
74 silly idealTree:prePrune +-- axios@0.19.2
74 silly idealTree:prePrune +-- balanced-match@1.0.0
74 silly idealTree:prePrune +-- bcrypt-pbkdf@1.0.2
74 silly idealTree:prePrune +-- bcrypt@4.0.1
74 silly idealTree:prePrune +-- big.js@5.2.2
74 silly idealTree:prePrune +-- binary-extensions@2.0.0
74 silly idealTree:prePrune +-- bl@2.2.0
74 silly idealTree:prePrune +-- bluebird@3.5.1
74 silly idealTree:prePrune +-- body-parser@1.19.0
74 silly idealTree:prePrune | +-- debug@2.6.9
74 silly idealTree:prePrune | `-- ms@2.0.0
74 silly idealTree:prePrune +-- boxen@1.3.0
74 silly idealTree:prePrune | +-- ansi-regex@3.0.0
74 silly idealTree:prePrune | +-- camelcase@4.1.0
74 silly idealTree:prePrune | +-- is-fullwidth-code-point@2.0.0
74 silly idealTree:prePrune | +-- string-width@2.1.1
74 silly idealTree:prePrune | `-- strip-ansi@4.0.0
74 silly idealTree:prePrune +-- brace-expansion@1.1.11
74 silly idealTree:prePrune +-- braces@3.0.2
74 silly idealTree:prePrune +-- bson@1.1.3
74 silly idealTree:prePrune +-- buffer-equal-constant-time@1.0.1
74 silly idealTree:prePrune +-- bytes@3.1.0
74 silly idealTree:prePrune +-- camelcase@5.3.1
74 silly idealTree:prePrune +-- capture-stack-trace@1.0.1
74 silly idealTree:prePrune +-- caseless@0.12.0
74 silly idealTree:prePrune +-- chalk@2.4.2
74 silly idealTree:prePrune | `-- supports-color@5.5.0
74 silly idealTree:prePrune +-- chokidar@3.3.1
74 silly idealTree:prePrune +-- chownr@1.1.4
74 silly idealTree:prePrune +-- ci-info@1.6.0
74 silly idealTree:prePrune +-- cli-boxes@1.0.0
74 silly idealTree:prePrune +-- clone@2.1.2
74 silly idealTree:prePrune +-- code-point-at@1.1.0
74 silly idealTree:prePrune +-- color-convert@1.9.3
74 silly idealTree:prePrune +-- color-name@1.1.3
74 silly idealTree:prePrune +-- combined-stream@1.0.8
74 silly idealTree:prePrune +-- concat-map@0.0.1
74 silly idealTree:prePrune +-- configstore@3.1.2
74 silly idealTree:prePrune +-- console-control-strings@1.1.0
74 silly idealTree:prePrune +-- content-disposition@0.5.3
74 silly idealTree:prePrune | `-- safe-buffer@5.1.2
74 silly idealTree:prePrune +-- content-type@1.0.4
74 silly idealTree:prePrune +-- cookie-signature@1.0.6
74 silly idealTree:prePrune +-- cookie@0.4.0
74 silly idealTree:prePrune +-- core-util-is@1.0.2
74 silly idealTree:prePrune +-- create-error-class@3.0.2
74 silly idealTree:prePrune +-- cross-spawn@5.1.0
74 silly idealTree:prePrune +-- crypto-random-string@1.0.0
74 silly idealTree:prePrune +-- css-loader@3.4.2
74 silly idealTree:prePrune +-- cssesc@3.0.0
74 silly idealTree:prePrune +-- dashdash@1.14.1
74 silly idealTree:prePrune +-- debug@3.2.6
74 silly idealTree:prePrune +-- deep-extend@0.6.0
74 silly idealTree:prePrune +-- delayed-stream@1.0.0
74 silly idealTree:prePrune +-- delegates@1.0.0
74 silly idealTree:prePrune +-- denque@1.4.1
74 silly idealTree:prePrune +-- depd@1.1.2
74 silly idealTree:prePrune +-- destroy@1.0.4
74 silly idealTree:prePrune +-- detect-libc@1.0.3
74 silly idealTree:prePrune +-- dot-prop@4.2.0
74 silly idealTree:prePrune +-- duplexer3@0.1.4
74 silly idealTree:prePrune +-- ecc-jsbn@0.1.2
74 silly idealTree:prePrune +-- ecdsa-sig-formatter@1.0.11
74 silly idealTree:prePrune +-- ee-first@1.1.1
74 silly idealTree:prePrune +-- emojis-list@3.0.0
74 silly idealTree:prePrune +-- encodeurl@1.0.2
74 silly idealTree:prePrune +-- errno@0.1.7
74 silly idealTree:prePrune +-- escape-html@1.0.3
74 silly idealTree:prePrune +-- escape-string-regexp@1.0.5
74 silly idealTree:prePrune +-- etag@1.8.1
74 silly idealTree:prePrune +-- execa@0.7.0
74 silly idealTree:prePrune +-- express-rate-limit@5.1.1
74 silly idealTree:prePrune +-- express@4.17.1
74 silly idealTree:prePrune | +-- debug@2.6.9
74 silly idealTree:prePrune | +-- ms@2.0.0
74 silly idealTree:prePrune | `-- safe-buffer@5.1.2
74 silly idealTree:prePrune +-- extend@3.0.2
74 silly idealTree:prePrune +-- extsprintf@1.3.0
74 silly idealTree:prePrune +-- fast-deep-equal@3.1.1
74 silly idealTree:prePrune +-- fast-json-stable-stringify@2.1.0
74 silly idealTree:prePrune +-- fill-range@7.0.1
74 silly idealTree:prePrune +-- finalhandler@1.1.2
74 silly idealTree:prePrune | +-- debug@2.6.9
74 silly idealTree:prePrune | `-- ms@2.0.0
74 silly idealTree:prePrune +-- follow-redirects@1.5.10
74 silly idealTree:prePrune | +-- debug@3.1.0
74 silly idealTree:prePrune | `-- ms@2.0.0
74 silly idealTree:prePrune +-- forever-agent@0.6.1
74 silly idealTree:prePrune +-- form-data@2.3.3
74 silly idealTree:prePrune +-- forwarded@0.1.2
74 silly idealTree:prePrune +-- fresh@0.5.2
74 silly idealTree:prePrune +-- fs-minipass@1.2.7
74 silly idealTree:prePrune +-- fs.realpath@1.0.0
74 silly idealTree:prePrune +-- gauge@2.7.4
74 silly idealTree:prePrune +-- get-stream@3.0.0
74 silly idealTree:prePrune +-- getpass@0.1.7
74 silly idealTree:prePrune +-- glob-parent@5.1.0
74 silly idealTree:prePrune +-- glob@7.1.6
74 silly idealTree:prePrune +-- global-dirs@0.1.1
74 silly idealTree:prePrune +-- got@6.7.1
74 silly idealTree:prePrune +-- graceful-fs@4.2.3
74 silly idealTree:prePrune +-- har-schema@2.0.0
74 silly idealTree:prePrune +-- har-validator@5.1.3
74 silly idealTree:prePrune +-- has-flag@3.0.0
74 silly idealTree:prePrune +-- has-unicode@2.0.1
74 silly idealTree:prePrune +-- http-errors@1.7.2
74 silly idealTree:prePrune | `-- inherits@2.0.3
74 silly idealTree:prePrune +-- http-signature@1.2.0
74 silly idealTree:prePrune +-- iconv-lite@0.4.24
74 silly idealTree:prePrune +-- icss-utils@4.1.1
74 silly idealTree:prePrune +-- ignore-by-default@1.0.1
74 silly idealTree:prePrune +-- ignore-walk@3.0.3
74 silly idealTree:prePrune +-- image-size@0.5.5
74 silly idealTree:prePrune +-- import-lazy@2.1.0
74 silly idealTree:prePrune +-- imurmurhash@0.1.4
74 silly idealTree:prePrune +-- indexes-of@1.0.1
74 silly idealTree:prePrune +-- inflight@1.0.6
74 silly idealTree:prePrune +-- inherits@2.0.4
74 silly idealTree:prePrune +-- ini@1.3.5
74 silly idealTree:prePrune +-- ipaddr.js@1.9.1
74 silly idealTree:prePrune +-- is-binary-path@2.1.0
74 silly idealTree:prePrune +-- is-ci@1.2.1
74 silly idealTree:prePrune +-- is-extglob@2.1.1
74 silly idealTree:prePrune +-- is-fullwidth-code-point@1.0.0
74 silly idealTree:prePrune +-- is-glob@4.0.1
74 silly idealTree:prePrune +-- is-installed-globally@0.1.0
74 silly idealTree:prePrune +-- is-npm@1.0.0
74 silly idealTree:prePrune +-- is-number@7.0.0
74 silly idealTree:prePrune +-- is-obj@1.0.1
74 silly idealTree:prePrune +-- is-path-inside@1.0.1
74 silly idealTree:prePrune +-- is-redirect@1.0.0
74 silly idealTree:prePrune +-- is-retry-allowed@1.2.0
74 silly idealTree:prePrune +-- is-stream@1.1.0
74 silly idealTree:prePrune +-- is-typedarray@1.0.0
74 silly idealTree:prePrune +-- isarray@1.0.0
74 silly idealTree:prePrune +-- isexe@2.0.0
74 silly idealTree:prePrune +-- isstream@0.1.2
74 silly idealTree:prePrune +-- jsbn@0.1.1
74 silly idealTree:prePrune +-- json-schema-traverse@0.4.1
74 silly idealTree:prePrune +-- json-schema@0.2.3
74 silly idealTree:prePrune +-- json-stringify-safe@5.0.1
74 silly idealTree:prePrune +-- json5@1.0.1
74 silly idealTree:prePrune | `-- minimist@1.2.3
74 silly idealTree:prePrune +-- jsonwebtoken@8.5.1
74 silly idealTree:prePrune +-- jsprim@1.4.1
74 silly idealTree:prePrune +-- jwa@1.4.1
74 silly idealTree:prePrune +-- jws@3.2.2
74 silly idealTree:prePrune +-- kareem@2.3.1
74 silly idealTree:prePrune +-- latest-version@3.1.0
74 silly idealTree:prePrune +-- less-loader@5.0.0
74 silly idealTree:prePrune +-- less-vars-to-js@1.3.0
74 silly idealTree:prePrune +-- less@3.11.1
74 silly idealTree:prePrune +-- loader-utils@1.4.0
74 silly idealTree:prePrune +-- lodash.includes@4.3.0
74 silly idealTree:prePrune +-- lodash.isboolean@3.0.3
74 silly idealTree:prePrune +-- lodash.isinteger@4.0.4
74 silly idealTree:prePrune +-- lodash.isnumber@3.0.3
74 silly idealTree:prePrune +-- lodash.isplainobject@4.0.6
74 silly idealTree:prePrune +-- lodash.isstring@4.0.1
74 silly idealTree:prePrune +-- lodash.once@4.1.1
74 silly idealTree:prePrune +-- lowercase-keys@1.0.1
74 silly idealTree:prePrune +-- lru-cache@4.1.5
74 silly idealTree:prePrune | `-- yallist@2.1.2
74 silly idealTree:prePrune +-- make-dir@1.3.0
74 silly idealTree:prePrune | `-- pify@3.0.0
74 silly idealTree:prePrune +-- media-typer@0.3.0
74 silly idealTree:prePrune +-- memory-pager@1.5.0
74 silly idealTree:prePrune +-- merge-descriptors@1.0.1
74 silly idealTree:prePrune +-- methods@1.1.2
74 silly idealTree:prePrune +-- mime-db@1.43.0
74 silly idealTree:prePrune +-- mime-types@2.1.26
74 silly idealTree:prePrune +-- mime@1.6.0
74 silly idealTree:prePrune +-- minimatch@3.0.4
74 silly idealTree:prePrune +-- minimist@0.0.8
74 silly idealTree:prePrune +-- minipass@2.9.0
74 silly idealTree:prePrune +-- minizlib@1.3.3
74 silly idealTree:prePrune +-- mkdirp@0.5.1
74 silly idealTree:prePrune +-- mongodb@3.5.4
74 silly idealTree:prePrune +-- mongoose-legacy-pluralize@1.0.2
74 silly idealTree:prePrune +-- mongoose@5.9.4
74 silly idealTree:prePrune | `-- safe-buffer@5.1.2
74 silly idealTree:prePrune +-- mpath@0.6.0
74 silly idealTree:prePrune +-- mquery@3.2.2
74 silly idealTree:prePrune | +-- debug@3.1.0
74 silly idealTree:prePrune | +-- ms@2.0.0
74 silly idealTree:prePrune | `-- safe-buffer@5.1.2
74 silly idealTree:prePrune +-- ms@2.1.2
74 silly idealTree:prePrune +-- needle@2.3.3
74 silly idealTree:prePrune +-- negotiator@0.6.2
74 silly idealTree:prePrune +-- node-addon-api@2.0.0
74 silly idealTree:prePrune +-- node-pre-gyp@0.14.0
74 silly idealTree:prePrune +-- nodemon@2.0.2
74 silly idealTree:prePrune | `-- supports-color@5.5.0
74 silly idealTree:prePrune +-- nopt@4.0.3
74 silly idealTree:prePrune +-- normalize-path@3.0.0
74 silly idealTree:prePrune +-- npm-bundled@1.1.1
74 silly idealTree:prePrune +-- npm-normalize-package-bin@1.0.1
74 silly idealTree:prePrune +-- npm-packlist@1.4.8
74 silly idealTree:prePrune +-- npm-run-path@2.0.2
74 silly idealTree:prePrune +-- npmlog@4.1.2
74 silly idealTree:prePrune +-- number-is-nan@1.0.1
74 silly idealTree:prePrune +-- oauth-sign@0.9.0
74 silly idealTree:prePrune +-- object-assign@4.1.1
74 silly idealTree:prePrune +-- on-finished@2.3.0
74 silly idealTree:prePrune +-- once@1.4.0
74 silly idealTree:prePrune +-- os-homedir@1.0.2
74 silly idealTree:prePrune +-- os-tmpdir@1.0.2
74 silly idealTree:prePrune +-- osenv@0.1.5
74 silly idealTree:prePrune +-- p-finally@1.0.0
74 silly idealTree:prePrune +-- package-json@4.0.1
74 silly idealTree:prePrune +-- parseurl@1.3.3
74 silly idealTree:prePrune +-- path-is-absolute@1.0.1
74 silly idealTree:prePrune +-- path-is-inside@1.0.2
74 silly idealTree:prePrune +-- path-key@2.0.1
74 silly idealTree:prePrune +-- path-to-regexp@0.1.7
74 silly idealTree:prePrune +-- performance-now@2.1.0
74 silly idealTree:prePrune +-- picomatch@2.2.1
74 silly idealTree:prePrune +-- pify@4.0.1
74 silly idealTree:prePrune +-- postcss-modules-extract-imports@2.0.0
74 silly idealTree:prePrune +-- postcss-modules-local-by-default@3.0.2
74 silly idealTree:prePrune +-- postcss-modules-scope@2.1.1
74 silly idealTree:prePrune +-- postcss-modules-values@3.0.0
74 silly idealTree:prePrune +-- postcss-selector-parser@6.0.2
74 silly idealTree:prePrune +-- postcss-value-parser@4.0.3
74 silly idealTree:prePrune +-- postcss@7.0.27
74 silly idealTree:prePrune +-- prepend-http@1.0.4
74 silly idealTree:prePrune +-- process-nextick-args@2.0.1
74 silly idealTree:prePrune +-- promise@7.3.1
74 silly idealTree:prePrune +-- proxy-addr@2.0.6
74 silly idealTree:prePrune +-- prr@1.0.1
74 silly idealTree:prePrune +-- pseudomap@1.0.2
74 silly idealTree:prePrune +-- psl@1.7.0
74 silly idealTree:prePrune +-- pstree.remy@1.1.7
74 silly idealTree:prePrune +-- punycode@2.1.1
74 silly idealTree:prePrune +-- qs@6.7.0
74 silly idealTree:prePrune +-- range-parser@1.2.1
74 silly idealTree:prePrune +-- raw-body@2.4.0
74 silly idealTree:prePrune +-- rc@1.2.8
74 silly idealTree:prePrune | `-- minimist@1.2.3
74 silly idealTree:prePrune +-- readable-stream@2.3.7
74 silly idealTree:prePrune | `-- safe-buffer@5.1.2
74 silly idealTree:prePrune +-- readdirp@3.3.0
74 silly idealTree:prePrune +-- regexp-clone@1.0.0
74 silly idealTree:prePrune +-- registry-auth-token@3.4.0
74 silly idealTree:prePrune +-- registry-url@3.1.0
74 silly idealTree:prePrune +-- request@2.88.2
74 silly idealTree:prePrune | `-- qs@6.5.2
74 silly idealTree:prePrune +-- require_optional@1.0.1
74 silly idealTree:prePrune +-- resolve-from@2.0.0
74 silly idealTree:prePrune +-- rimraf@2.7.1
74 silly idealTree:prePrune +-- safe-buffer@5.2.0
74 silly idealTree:prePrune +-- safer-buffer@2.1.2
74 silly idealTree:prePrune +-- saslprep@1.0.3
74 silly idealTree:prePrune +-- sax@1.2.4
74 silly idealTree:prePrune +-- schema-utils@2.6.4
74 silly idealTree:prePrune +-- semver-diff@2.1.0
74 silly idealTree:prePrune +-- semver@5.7.1
74 silly idealTree:prePrune +-- send@0.17.1
74 silly idealTree:prePrune | +-- debug@2.6.9
74 silly idealTree:prePrune | | `-- ms@2.0.0
74 silly idealTree:prePrune | `-- ms@2.1.1
74 silly idealTree:prePrune +-- serve-static@1.14.1
74 silly idealTree:prePrune +-- set-blocking@2.0.0
74 silly idealTree:prePrune +-- setprototypeof@1.1.1
74 silly idealTree:prePrune +-- shebang-command@1.2.0
74 silly idealTree:prePrune +-- shebang-regex@1.0.0
74 silly idealTree:prePrune +-- sift@7.0.1
74 silly idealTree:prePrune +-- signal-exit@3.0.2
74 silly idealTree:prePrune +-- sliced@1.0.1
74 silly idealTree:prePrune +-- source-map@0.6.1
74 silly idealTree:prePrune +-- sparse-bitfield@3.0.3
74 silly idealTree:prePrune +-- sshpk@1.16.1
74 silly idealTree:prePrune +-- statuses@1.5.0
74 silly idealTree:prePrune +-- string_decoder@1.1.1
74 silly idealTree:prePrune | `-- safe-buffer@5.1.2
74 silly idealTree:prePrune +-- string-width@1.0.2
74 silly idealTree:prePrune +-- strip-ansi@3.0.1
74 silly idealTree:prePrune +-- strip-eof@1.0.0
74 silly idealTree:prePrune +-- strip-json-comments@2.0.1
74 silly idealTree:prePrune +-- stripe@8.29.0
74 silly idealTree:prePrune +-- style-loader@1.1.3
74 silly idealTree:prePrune +-- supports-color@6.1.0
74 silly idealTree:prePrune +-- tar@4.4.13
74 silly idealTree:prePrune +-- term-size@1.2.0
74 silly idealTree:prePrune +-- timed-out@4.0.1
74 silly idealTree:prePrune +-- to-regex-range@5.0.1
74 silly idealTree:prePrune +-- toidentifier@1.0.0
74 silly idealTree:prePrune +-- touch@3.1.0
74 silly idealTree:prePrune | `-- nopt@1.0.10
74 silly idealTree:prePrune +-- tough-cookie@2.5.0
74 silly idealTree:prePrune +-- tslib@1.11.1
74 silly idealTree:prePrune +-- tunnel-agent@0.6.0
74 silly idealTree:prePrune +-- tweetnacl@0.14.5
74 silly idealTree:prePrune +-- type-is@1.6.18
74 silly idealTree:prePrune +-- undefsafe@2.0.3
74 silly idealTree:prePrune | +-- debug@2.6.9
74 silly idealTree:prePrune | `-- ms@2.0.0
74 silly idealTree:prePrune +-- uniq@1.0.1
74 silly idealTree:prePrune +-- unique-string@1.0.0
74 silly idealTree:prePrune +-- unpipe@1.0.0
74 silly idealTree:prePrune +-- unzip-response@2.0.1
74 silly idealTree:prePrune +-- update-notifier@2.5.0
74 silly idealTree:prePrune +-- uri-js@4.2.2
74 silly idealTree:prePrune +-- url-parse-lax@1.0.0
74 silly idealTree:prePrune +-- util-deprecate@1.0.2
74 silly idealTree:prePrune +-- utils-merge@1.0.1
74 silly idealTree:prePrune +-- uuid@3.4.0
74 silly idealTree:prePrune +-- vary@1.1.2
74 silly idealTree:prePrune +-- verror@1.10.0
74 silly idealTree:prePrune +-- which@1.3.1
74 silly idealTree:prePrune +-- wide-align@1.1.3
74 silly idealTree:prePrune +-- widest-line@2.0.1
74 silly idealTree:prePrune | +-- ansi-regex@3.0.0
74 silly idealTree:prePrune | +-- is-fullwidth-code-point@2.0.0
74 silly idealTree:prePrune | +-- string-width@2.1.1
74 silly idealTree:prePrune | `-- strip-ansi@4.0.0
74 silly idealTree:prePrune +-- wrappy@1.0.2
74 silly idealTree:prePrune +-- write-file-atomic@2.4.3
74 silly idealTree:prePrune +-- xdg-basedir@3.0.0
74 silly idealTree:prePrune `-- yallist@3.1.1
75 silly loadIdealTree Finishing
76 silly currentTree carbooking-backend@1.0.0
76 silly currentTree +-- @phc/format@0.5.0
76 silly currentTree +-- @types/node@13.9.0
76 silly currentTree +-- abbrev@1.1.1
76 silly currentTree +-- accepts@1.3.7
76 silly currentTree +-- ajv-keywords@3.4.1
76 silly currentTree +-- ajv@6.12.0
76 silly currentTree +-- ansi-align@2.0.0
76 silly currentTree | +-- ansi-regex@3.0.0
76 silly currentTree | +-- is-fullwidth-code-point@2.0.0
76 silly currentTree | +-- string-width@2.1.1
76 silly currentTree | `-- strip-ansi@4.0.0
76 silly currentTree +-- ansi-regex@2.1.1
76 silly currentTree +-- ansi-styles@3.2.1
76 silly currentTree +-- anymatch@3.1.1
76 silly currentTree +-- aproba@1.2.0
76 silly currentTree +-- are-we-there-yet@1.1.5
76 silly currentTree +-- argon2@0.26.1
76 silly currentTree +-- array-flatten@1.1.1
76 silly currentTree +-- asap@2.0.6
76 silly currentTree +-- asn1@0.2.4
76 silly currentTree +-- assert-plus@1.0.0
76 silly currentTree +-- asynckit@0.4.0
76 silly currentTree +-- aws-sign2@0.7.0
76 silly currentTree +-- aws4@1.9.1
76 silly currentTree +-- axios@0.19.2
76 silly currentTree +-- balanced-match@1.0.0
76 silly currentTree +-- bcrypt-pbkdf@1.0.2
76 silly currentTree +-- big.js@5.2.2
76 silly currentTree +-- binary-extensions@2.0.0
76 silly currentTree +-- bl@2.2.0
76 silly currentTree +-- bluebird@3.5.1
76 silly currentTree +-- body-parser@1.19.0
76 silly currentTree | +-- debug@2.6.9
76 silly currentTree | `-- ms@2.0.0
76 silly currentTree +-- boxen@1.3.0
76 silly currentTree | +-- ansi-regex@3.0.0
76 silly currentTree | +-- camelcase@4.1.0
76 silly currentTree | +-- is-fullwidth-code-point@2.0.0
76 silly currentTree | +-- string-width@2.1.1
76 silly currentTree | `-- strip-ansi@4.0.0
76 silly currentTree +-- brace-expansion@1.1.11
76 silly currentTree +-- braces@3.0.2
76 silly currentTree +-- bson@1.1.3
76 silly currentTree +-- buffer-equal-constant-time@1.0.1
76 silly currentTree +-- bytes@3.1.0
76 silly currentTree +-- camelcase@5.3.1
76 silly currentTree +-- capture-stack-trace@1.0.1
76 silly currentTree +-- caseless@0.12.0
76 silly currentTree +-- chalk@2.4.2
76 silly currentTree | `-- supports-color@5.5.0
76 silly currentTree +-- chokidar@3.3.1
76 silly currentTree +-- chownr@1.1.4
76 silly currentTree +-- ci-info@1.6.0
76 silly currentTree +-- cli-boxes@1.0.0
76 silly currentTree +-- clone@2.1.2
76 silly currentTree +-- code-point-at@1.1.0
76 silly currentTree +-- color-convert@1.9.3
76 silly currentTree +-- color-name@1.1.3
76 silly currentTree +-- combined-stream@1.0.8
76 silly currentTree +-- concat-map@0.0.1
76 silly currentTree +-- configstore@3.1.2
76 silly currentTree +-- console-control-strings@1.1.0
76 silly currentTree +-- content-disposition@0.5.3
76 silly currentTree | `-- safe-buffer@5.1.2
76 silly currentTree +-- content-type@1.0.4
76 silly currentTree +-- cookie-signature@1.0.6
76 silly currentTree +-- cookie@0.4.0
76 silly currentTree +-- core-util-is@1.0.2
76 silly currentTree +-- create-error-class@3.0.2
76 silly currentTree +-- cross-spawn@5.1.0
76 silly currentTree +-- crypto-random-string@1.0.0
76 silly currentTree +-- css-loader@3.4.2
76 silly currentTree +-- cssesc@3.0.0
76 silly currentTree +-- dashdash@1.14.1
76 silly currentTree +-- debug@3.2.6
76 silly currentTree +-- deep-extend@0.6.0
76 silly currentTree +-- delayed-stream@1.0.0
76 silly currentTree +-- delegates@1.0.0
76 silly currentTree +-- denque@1.4.1
76 silly currentTree +-- depd@1.1.2
76 silly currentTree +-- destroy@1.0.4
76 silly currentTree +-- detect-libc@1.0.3
76 silly currentTree +-- dot-prop@4.2.0
76 silly currentTree +-- duplexer3@0.1.4
76 silly currentTree +-- ecc-jsbn@0.1.2
76 silly currentTree +-- ecdsa-sig-formatter@1.0.11
76 silly currentTree +-- ee-first@1.1.1
76 silly currentTree +-- emojis-list@3.0.0
76 silly currentTree +-- encodeurl@1.0.2
76 silly currentTree +-- errno@0.1.7
76 silly currentTree +-- escape-html@1.0.3
76 silly currentTree +-- escape-string-regexp@1.0.5
76 silly currentTree +-- etag@1.8.1
76 silly currentTree +-- execa@0.7.0
76 silly currentTree +-- express-rate-limit@5.1.1
76 silly currentTree +-- express@4.17.1
76 silly currentTree | +-- debug@2.6.9
76 silly currentTree | +-- ms@2.0.0
76 silly currentTree | `-- safe-buffer@5.1.2
76 silly currentTree +-- extend@3.0.2
76 silly currentTree +-- extsprintf@1.3.0
76 silly currentTree +-- fast-deep-equal@3.1.1
76 silly currentTree +-- fast-json-stable-stringify@2.1.0
76 silly currentTree +-- fill-range@7.0.1
76 silly currentTree +-- finalhandler@1.1.2
76 silly currentTree | +-- debug@2.6.9
76 silly currentTree | `-- ms@2.0.0
76 silly currentTree +-- follow-redirects@1.5.10
76 silly currentTree | +-- debug@3.1.0
76 silly currentTree | `-- ms@2.0.0
76 silly currentTree +-- forever-agent@0.6.1
76 silly currentTree +-- form-data@2.3.3
76 silly currentTree +-- forwarded@0.1.2
76 silly currentTree +-- fresh@0.5.2
76 silly currentTree +-- fs-minipass@1.2.7
76 silly currentTree +-- fs.realpath@1.0.0
76 silly currentTree +-- gauge@2.7.4
76 silly currentTree +-- get-stream@3.0.0
76 silly currentTree +-- getpass@0.1.7
76 silly currentTree +-- glob-parent@5.1.0
76 silly currentTree +-- glob@7.1.6
76 silly currentTree +-- global-dirs@0.1.1
76 silly currentTree +-- got@6.7.1
76 silly currentTree +-- graceful-fs@4.2.3
76 silly currentTree +-- har-schema@2.0.0
76 silly currentTree +-- har-validator@5.1.3
76 silly currentTree +-- has-flag@3.0.0
76 silly currentTree +-- has-unicode@2.0.1
76 silly currentTree +-- http-errors@1.7.2
76 silly currentTree | `-- inherits@2.0.3
76 silly currentTree +-- http-signature@1.2.0
76 silly currentTree +-- iconv-lite@0.4.24
76 silly currentTree +-- icss-utils@4.1.1
76 silly currentTree +-- ignore-by-default@1.0.1
76 silly currentTree +-- ignore-walk@3.0.3
76 silly currentTree +-- image-size@0.5.5
76 silly currentTree +-- import-lazy@2.1.0
76 silly currentTree +-- imurmurhash@0.1.4
76 silly currentTree +-- indexes-of@1.0.1
76 silly currentTree +-- inflight@1.0.6
76 silly currentTree +-- inherits@2.0.4
76 silly currentTree +-- ini@1.3.5
76 silly currentTree +-- ipaddr.js@1.9.1
76 silly currentTree +-- is-binary-path@2.1.0
76 silly currentTree +-- is-ci@1.2.1
76 silly currentTree +-- is-extglob@2.1.1
76 silly currentTree +-- is-fullwidth-code-point@1.0.0
76 silly currentTree +-- is-glob@4.0.1
76 silly currentTree +-- is-installed-globally@0.1.0
76 silly currentTree +-- is-npm@1.0.0
76 silly currentTree +-- is-number@7.0.0
76 silly currentTree +-- is-obj@1.0.1
76 silly currentTree +-- is-path-inside@1.0.1
76 silly currentTree +-- is-redirect@1.0.0
76 silly currentTree +-- is-retry-allowed@1.2.0
76 silly currentTree +-- is-stream@1.1.0
76 silly currentTree +-- is-typedarray@1.0.0
76 silly currentTree +-- isarray@1.0.0
76 silly currentTree +-- isexe@2.0.0
76 silly currentTree +-- isstream@0.1.2
76 silly currentTree +-- jsbn@0.1.1
76 silly currentTree +-- json-schema-traverse@0.4.1
76 silly currentTree +-- json-schema@0.2.3
76 silly currentTree +-- json-stringify-safe@5.0.1
76 silly currentTree +-- json5@1.0.1
76 silly currentTree | `-- minimist@1.2.3
76 silly currentTree +-- jsonwebtoken@8.5.1
76 silly currentTree +-- jsprim@1.4.1
76 silly currentTree +-- jwa@1.4.1
76 silly currentTree +-- jws@3.2.2
76 silly currentTree +-- kareem@2.3.1
76 silly currentTree +-- latest-version@3.1.0
76 silly currentTree +-- less-loader@5.0.0
76 silly currentTree +-- less-vars-to-js@1.3.0
76 silly currentTree +-- less@3.11.1
76 silly currentTree +-- loader-utils@1.4.0
76 silly currentTree +-- lodash.includes@4.3.0
76 silly currentTree +-- lodash.isboolean@3.0.3
76 silly currentTree +-- lodash.isinteger@4.0.4
76 silly currentTree +-- lodash.isnumber@3.0.3
76 silly currentTree +-- lodash.isplainobject@4.0.6
76 silly currentTree +-- lodash.isstring@4.0.1
76 silly currentTree +-- lodash.once@4.1.1
76 silly currentTree +-- lowercase-keys@1.0.1
76 silly currentTree +-- lru-cache@4.1.5
76 silly currentTree | `-- yallist@2.1.2
76 silly currentTree +-- make-dir@1.3.0
76 silly currentTree | `-- pify@3.0.0
76 silly currentTree +-- media-typer@0.3.0
76 silly currentTree +-- memory-pager@1.5.0
76 silly currentTree +-- merge-descriptors@1.0.1
76 silly currentTree +-- methods@1.1.2
76 silly currentTree +-- mime-db@1.43.0
76 silly currentTree +-- mime-types@2.1.26
76 silly currentTree +-- mime@1.6.0
76 silly currentTree +-- minimatch@3.0.4
76 silly currentTree +-- minimist@0.0.8
76 silly currentTree +-- minipass@2.9.0
76 silly currentTree +-- minizlib@1.3.3
76 silly currentTree +-- mkdirp@0.5.1
76 silly currentTree +-- mongodb@3.5.4
76 silly currentTree +-- mongoose-legacy-pluralize@1.0.2
76 silly currentTree +-- mongoose@5.9.4
76 silly currentTree | `-- safe-buffer@5.1.2
76 silly currentTree +-- mpath@0.6.0
76 silly currentTree +-- mquery@3.2.2
76 silly currentTree | +-- debug@3.1.0
76 silly currentTree | +-- ms@2.0.0
76 silly currentTree | `-- safe-buffer@5.1.2
76 silly currentTree +-- ms@2.1.2
76 silly currentTree +-- needle@2.3.3
76 silly currentTree +-- negotiator@0.6.2
76 silly currentTree +-- node-addon-api@2.0.0
76 silly currentTree +-- node-pre-gyp@0.14.0
76 silly currentTree +-- nodemon@2.0.2
76 silly currentTree | `-- supports-color@5.5.0
76 silly currentTree +-- nopt@4.0.3
76 silly currentTree +-- normalize-path@3.0.0
76 silly currentTree +-- npm-bundled@1.1.1
76 silly currentTree +-- npm-normalize-package-bin@1.0.1
76 silly currentTree +-- npm-packlist@1.4.8
76 silly currentTree +-- npm-run-path@2.0.2
76 silly currentTree +-- npmlog@4.1.2
76 silly currentTree +-- number-is-nan@1.0.1
76 silly currentTree +-- oauth-sign@0.9.0
76 silly currentTree +-- object-assign@4.1.1
76 silly currentTree +-- on-finished@2.3.0
76 silly currentTree +-- once@1.4.0
76 silly currentTree +-- os-homedir@1.0.2
76 silly currentTree +-- os-tmpdir@1.0.2
76 silly currentTree +-- osenv@0.1.5
76 silly currentTree +-- p-finally@1.0.0
76 silly currentTree +-- package-json@4.0.1
76 silly currentTree +-- parseurl@1.3.3
76 silly currentTree +-- path-is-absolute@1.0.1
76 silly currentTree +-- path-is-inside@1.0.2
76 silly currentTree +-- path-key@2.0.1
76 silly currentTree +-- path-to-regexp@0.1.7
76 silly currentTree +-- performance-now@2.1.0
76 silly currentTree +-- picomatch@2.2.1
76 silly currentTree +-- pify@4.0.1
76 silly currentTree +-- postcss-modules-extract-imports@2.0.0
76 silly currentTree +-- postcss-modules-local-by-default@3.0.2
76 silly currentTree +-- postcss-modules-scope@2.1.1
76 silly currentTree +-- postcss-modules-values@3.0.0
76 silly currentTree +-- postcss-selector-parser@6.0.2
76 silly currentTree +-- postcss-value-parser@4.0.3
76 silly currentTree +-- postcss@7.0.27
76 silly currentTree +-- prepend-http@1.0.4
76 silly currentTree +-- process-nextick-args@2.0.1
76 silly currentTree +-- promise@7.3.1
76 silly currentTree +-- proxy-addr@2.0.6
76 silly currentTree +-- prr@1.0.1
76 silly currentTree +-- pseudomap@1.0.2
76 silly currentTree +-- psl@1.7.0
76 silly currentTree +-- pstree.remy@1.1.7
76 silly currentTree +-- punycode@2.1.1
76 silly currentTree +-- qs@6.7.0
76 silly currentTree +-- range-parser@1.2.1
76 silly currentTree +-- raw-body@2.4.0
76 silly currentTree +-- rc@1.2.8
76 silly currentTree | `-- minimist@1.2.3
76 silly currentTree +-- readable-stream@2.3.7
76 silly currentTree | `-- safe-buffer@5.1.2
76 silly currentTree +-- readdirp@3.3.0
76 silly currentTree +-- regexp-clone@1.0.0
76 silly currentTree +-- registry-auth-token@3.4.0
76 silly currentTree +-- registry-url@3.1.0
76 silly currentTree +-- request@2.88.2
76 silly currentTree | `-- qs@6.5.2
76 silly currentTree +-- require_optional@1.0.1
76 silly currentTree +-- resolve-from@2.0.0
76 silly currentTree +-- rimraf@2.7.1
76 silly currentTree +-- safe-buffer@5.2.0
76 silly currentTree +-- safer-buffer@2.1.2
76 silly currentTree +-- saslprep@1.0.3
76 silly currentTree +-- sax@1.2.4
76 silly currentTree +-- schema-utils@2.6.4
76 silly currentTree +-- semver-diff@2.1.0
76 silly currentTree +-- semver@5.7.1
76 silly currentTree +-- send@0.17.1
76 silly currentTree | +-- debug@2.6.9
76 silly currentTree | | `-- ms@2.0.0
76 silly currentTree | `-- ms@2.1.1
76 silly currentTree +-- serve-static@1.14.1
76 silly currentTree +-- set-blocking@2.0.0
76 silly currentTree +-- setprototypeof@1.1.1
76 silly currentTree +-- shebang-command@1.2.0
76 silly currentTree +-- shebang-regex@1.0.0
76 silly currentTree +-- sift@7.0.1
76 silly currentTree +-- signal-exit@3.0.2
76 silly currentTree +-- sliced@1.0.1
76 silly currentTree +-- source-map@0.6.1
76 silly currentTree +-- sparse-bitfield@3.0.3
76 silly currentTree +-- sshpk@1.16.1
76 silly currentTree +-- statuses@1.5.0
76 silly currentTree +-- string_decoder@1.1.1
76 silly currentTree | `-- safe-buffer@5.1.2
76 silly currentTree +-- string-width@1.0.2
76 silly currentTree +-- strip-ansi@3.0.1
76 silly currentTree +-- strip-eof@1.0.0
76 silly currentTree +-- strip-json-comments@2.0.1
76 silly currentTree +-- stripe@8.29.0
76 silly currentTree +-- style-loader@1.1.3
76 silly currentTree +-- supports-color@6.1.0
76 silly currentTree +-- tar@4.4.13
76 silly currentTree +-- term-size@1.2.0
76 silly currentTree +-- timed-out@4.0.1
76 silly currentTree +-- to-regex-range@5.0.1
76 silly currentTree +-- toidentifier@1.0.0
76 silly currentTree +-- touch@3.1.0
76 silly currentTree | `-- nopt@1.0.10
76 silly currentTree +-- tough-cookie@2.5.0
76 silly currentTree +-- tslib@1.11.1
76 silly currentTree +-- tunnel-agent@0.6.0
76 silly currentTree +-- tweetnacl@0.14.5
76 silly currentTree +-- type-is@1.6.18
76 silly currentTree +-- undefsafe@2.0.3
76 silly currentTree | +-- debug@2.6.9
76 silly currentTree | `-- ms@2.0.0
76 silly currentTree +-- uniq@1.0.1
76 silly currentTree +-- unique-string@1.0.0
76 silly currentTree +-- unpipe@1.0.0
76 silly currentTree +-- unzip-response@2.0.1
76 silly currentTree +-- update-notifier@2.5.0
76 silly currentTree +-- uri-js@4.2.2
76 silly currentTree +-- url-parse-lax@1.0.0
76 silly currentTree +-- util-deprecate@1.0.2
76 silly currentTree +-- utils-merge@1.0.1
76 silly currentTree +-- uuid@3.4.0
76 silly currentTree +-- vary@1.1.2
76 silly currentTree +-- verror@1.10.0
76 silly currentTree +-- which@1.3.1
76 silly currentTree +-- wide-align@1.1.3
76 silly currentTree +-- widest-line@2.0.1
76 silly currentTree | +-- ansi-regex@3.0.0
76 silly currentTree | +-- is-fullwidth-code-point@2.0.0
76 silly currentTree | +-- string-width@2.1.1
76 silly currentTree | `-- strip-ansi@4.0.0
76 silly currentTree +-- wrappy@1.0.2
76 silly currentTree +-- write-file-atomic@2.4.3
76 silly currentTree +-- xdg-basedir@3.0.0
76 silly currentTree `-- yallist@3.1.1
77 silly idealTree carbooking-backend@1.0.0
77 silly idealTree +-- @phc/format@0.5.0
77 silly idealTree +-- @types/node@13.9.0
77 silly idealTree +-- abbrev@1.1.1
77 silly idealTree +-- accepts@1.3.7
77 silly idealTree +-- ajv-keywords@3.4.1
77 silly idealTree +-- ajv@6.12.0
77 silly idealTree +-- ansi-align@2.0.0
77 silly idealTree | +-- ansi-regex@3.0.0
77 silly idealTree | +-- is-fullwidth-code-point@2.0.0
77 silly idealTree | +-- string-width@2.1.1
77 silly idealTree | `-- strip-ansi@4.0.0
77 silly idealTree +-- ansi-regex@2.1.1
77 silly idealTree +-- ansi-styles@3.2.1
77 silly idealTree +-- anymatch@3.1.1
77 silly idealTree +-- aproba@1.2.0
77 silly idealTree +-- are-we-there-yet@1.1.5
77 silly idealTree +-- argon2@0.26.1
77 silly idealTree +-- array-flatten@1.1.1
77 silly idealTree +-- asap@2.0.6
77 silly idealTree +-- asn1@0.2.4
77 silly idealTree +-- assert-plus@1.0.0
77 silly idealTree +-- asynckit@0.4.0
77 silly idealTree +-- aws-sign2@0.7.0
77 silly idealTree +-- aws4@1.9.1
77 silly idealTree +-- axios@0.19.2
77 silly idealTree +-- balanced-match@1.0.0
77 silly idealTree +-- bcrypt-pbkdf@1.0.2
77 silly idealTree +-- bcrypt@4.0.1
77 silly idealTree +-- big.js@5.2.2
77 silly idealTree +-- binary-extensions@2.0.0
77 silly idealTree +-- bl@2.2.0
77 silly idealTree +-- bluebird@3.5.1
77 silly idealTree +-- body-parser@1.19.0
77 silly idealTree | +-- debug@2.6.9
77 silly idealTree | `-- ms@2.0.0
77 silly idealTree +-- boxen@1.3.0
77 silly idealTree | +-- ansi-regex@3.0.0
77 silly idealTree | +-- camelcase@4.1.0
77 silly idealTree | +-- is-fullwidth-code-point@2.0.0
77 silly idealTree | +-- string-width@2.1.1
77 silly idealTree | `-- strip-ansi@4.0.0
77 silly idealTree +-- brace-expansion@1.1.11
77 silly idealTree +-- braces@3.0.2
77 silly idealTree +-- bson@1.1.3
77 silly idealTree +-- buffer-equal-constant-time@1.0.1
77 silly idealTree +-- bytes@3.1.0
77 silly idealTree +-- camelcase@5.3.1
77 silly idealTree +-- capture-stack-trace@1.0.1
77 silly idealTree +-- caseless@0.12.0
77 silly idealTree +-- chalk@2.4.2
77 silly idealTree | `-- supports-color@5.5.0
77 silly idealTree +-- chokidar@3.3.1
77 silly idealTree +-- chownr@1.1.4
77 silly idealTree +-- ci-info@1.6.0
77 silly idealTree +-- cli-boxes@1.0.0
77 silly idealTree +-- clone@2.1.2
77 silly idealTree +-- code-point-at@1.1.0
77 silly idealTree +-- color-convert@1.9.3
77 silly idealTree +-- color-name@1.1.3
77 silly idealTree +-- combined-stream@1.0.8
77 silly idealTree +-- concat-map@0.0.1
77 silly idealTree +-- configstore@3.1.2
77 silly idealTree +-- console-control-strings@1.1.0
77 silly idealTree +-- content-disposition@0.5.3
77 silly idealTree | `-- safe-buffer@5.1.2
77 silly idealTree +-- content-type@1.0.4
77 silly idealTree +-- cookie-signature@1.0.6
77 silly idealTree +-- cookie@0.4.0
77 silly idealTree +-- core-util-is@1.0.2
77 silly idealTree +-- create-error-class@3.0.2
77 silly idealTree +-- cross-spawn@5.1.0
77 silly idealTree +-- crypto-random-string@1.0.0
77 silly idealTree +-- css-loader@3.4.2
77 silly idealTree +-- cssesc@3.0.0
77 silly idealTree +-- dashdash@1.14.1
77 silly idealTree +-- debug@3.2.6
77 silly idealTree +-- deep-extend@0.6.0
77 silly idealTree +-- delayed-stream@1.0.0
77 silly idealTree +-- delegates@1.0.0
77 silly idealTree +-- denque@1.4.1
77 silly idealTree +-- depd@1.1.2
77 silly idealTree +-- destroy@1.0.4
77 silly idealTree +-- detect-libc@1.0.3
77 silly idealTree +-- dot-prop@4.2.0
77 silly idealTree +-- duplexer3@0.1.4
77 silly idealTree +-- ecc-jsbn@0.1.2
77 silly idealTree +-- ecdsa-sig-formatter@1.0.11
77 silly idealTree +-- ee-first@1.1.1
77 silly idealTree +-- emojis-list@3.0.0
77 silly idealTree +-- encodeurl@1.0.2
77 silly idealTree +-- errno@0.1.7
77 silly idealTree +-- escape-html@1.0.3
77 silly idealTree +-- escape-string-regexp@1.0.5
77 silly idealTree +-- etag@1.8.1
77 silly idealTree +-- execa@0.7.0
77 silly idealTree +-- express-rate-limit@5.1.1
77 silly idealTree +-- express@4.17.1
77 silly idealTree | +-- debug@2.6.9
77 silly idealTree | +-- ms@2.0.0
77 silly idealTree | `-- safe-buffer@5.1.2
77 silly idealTree +-- extend@3.0.2
77 silly idealTree +-- extsprintf@1.3.0
77 silly idealTree +-- fast-deep-equal@3.1.1
77 silly idealTree +-- fast-json-stable-stringify@2.1.0
77 silly idealTree +-- fill-range@7.0.1
77 silly idealTree +-- finalhandler@1.1.2
77 silly idealTree | +-- debug@2.6.9
77 silly idealTree | `-- ms@2.0.0
77 silly idealTree +-- follow-redirects@1.5.10
77 silly idealTree | +-- debug@3.1.0
77 silly idealTree | `-- ms@2.0.0
77 silly idealTree +-- forever-agent@0.6.1
77 silly idealTree +-- form-data@2.3.3
77 silly idealTree +-- forwarded@0.1.2
77 silly idealTree +-- fresh@0.5.2
77 silly idealTree +-- fs-minipass@1.2.7
77 silly idealTree +-- fs.realpath@1.0.0
77 silly idealTree +-- gauge@2.7.4
77 silly idealTree +-- get-stream@3.0.0
77 silly idealTree +-- getpass@0.1.7
77 silly idealTree +-- glob-parent@5.1.0
77 silly idealTree +-- glob@7.1.6
77 silly idealTree +-- global-dirs@0.1.1
77 silly idealTree +-- got@6.7.1
77 silly idealTree +-- graceful-fs@4.2.3
77 silly idealTree +-- har-schema@2.0.0
77 silly idealTree +-- har-validator@5.1.3
77 silly idealTree +-- has-flag@3.0.0
77 silly idealTree +-- has-unicode@2.0.1
77 silly idealTree +-- http-errors@1.7.2
77 silly idealTree | `-- inherits@2.0.3
77 silly idealTree +-- http-signature@1.2.0
77 silly idealTree +-- iconv-lite@0.4.24
77 silly idealTree +-- icss-utils@4.1.1
77 silly idealTree +-- ignore-by-default@1.0.1
77 silly idealTree +-- ignore-walk@3.0.3
77 silly idealTree +-- image-size@0.5.5
77 silly idealTree +-- import-lazy@2.1.0
77 silly idealTree +-- imurmurhash@0.1.4
77 silly idealTree +-- indexes-of@1.0.1
77 silly idealTree +-- inflight@1.0.6
77 silly idealTree +-- inherits@2.0.4
77 silly idealTree +-- ini@1.3.5
77 silly idealTree +-- ipaddr.js@1.9.1
77 silly idealTree +-- is-binary-path@2.1.0
77 silly idealTree +-- is-ci@1.2.1
77 silly idealTree +-- is-extglob@2.1.1
77 silly idealTree +-- is-fullwidth-code-point@1.0.0
77 silly idealTree +-- is-glob@4.0.1
77 silly idealTree +-- is-installed-globally@0.1.0
77 silly idealTree +-- is-npm@1.0.0
77 silly idealTree +-- is-number@7.0.0
77 silly idealTree +-- is-obj@1.0.1
77 silly idealTree +-- is-path-inside@1.0.1
77 silly idealTree +-- is-redirect@1.0.0
77 silly idealTree +-- is-retry-allowed@1.2.0
77 silly idealTree +-- is-stream@1.1.0
77 silly idealTree +-- is-typedarray@1.0.0
77 silly idealTree +-- isarray@1.0.0
77 silly idealTree +-- isexe@2.0.0
77 silly idealTree +-- isstream@0.1.2
77 silly idealTree +-- jsbn@0.1.1
77 silly idealTree +-- json-schema-traverse@0.4.1
77 silly idealTree +-- json-schema@0.2.3
77 silly idealTree +-- json-stringify-safe@5.0.1
77 silly idealTree +-- json5@1.0.1
77 silly idealTree | `-- minimist@1.2.3
77 silly idealTree +-- jsonwebtoken@8.5.1
77 silly idealTree +-- jsprim@1.4.1
77 silly idealTree +-- jwa@1.4.1
77 silly idealTree +-- jws@3.2.2
77 silly idealTree +-- kareem@2.3.1
77 silly idealTree +-- latest-version@3.1.0
77 silly idealTree +-- less-loader@5.0.0
77 silly idealTree +-- less-vars-to-js@1.3.0
77 silly idealTree +-- less@3.11.1
77 silly idealTree +-- loader-utils@1.4.0
77 silly idealTree +-- lodash.includes@4.3.0
77 silly idealTree +-- lodash.isboolean@3.0.3
77 silly idealTree +-- lodash.isinteger@4.0.4
77 silly idealTree +-- lodash.isnumber@3.0.3
77 silly idealTree +-- lodash.isplainobject@4.0.6
77 silly idealTree +-- lodash.isstring@4.0.1
77 silly idealTree +-- lodash.once@4.1.1
77 silly idealTree +-- lowercase-keys@1.0.1
77 silly idealTree +-- lru-cache@4.1.5
77 silly idealTree | `-- yallist@2.1.2
77 silly idealTree +-- make-dir@1.3.0
77 silly idealTree | `-- pify@3.0.0
77 silly idealTree +-- media-typer@0.3.0
77 silly idealTree +-- memory-pager@1.5.0
77 silly idealTree +-- merge-descriptors@1.0.1
77 silly idealTree +-- methods@1.1.2
77 silly idealTree +-- mime-db@1.43.0
77 silly idealTree +-- mime-types@2.1.26
77 silly idealTree +-- mime@1.6.0
77 silly idealTree +-- minimatch@3.0.4
77 silly idealTree +-- minimist@0.0.8
77 silly idealTree +-- minipass@2.9.0
77 silly idealTree +-- minizlib@1.3.3
77 silly idealTree +-- mkdirp@0.5.1
77 silly idealTree +-- mongodb@3.5.4
77 silly idealTree +-- mongoose-legacy-pluralize@1.0.2
77 silly idealTree +-- mongoose@5.9.4
77 silly idealTree | `-- safe-buffer@5.1.2
77 silly idealTree +-- mpath@0.6.0
77 silly idealTree +-- mquery@3.2.2
77 silly idealTree | +-- debug@3.1.0
77 silly idealTree | +-- ms@2.0.0
77 silly idealTree | `-- safe-buffer@5.1.2
77 silly idealTree +-- ms@2.1.2
77 silly idealTree +-- needle@2.3.3
77 silly idealTree +-- negotiator@0.6.2
77 silly idealTree +-- node-addon-api@2.0.0
77 silly idealTree +-- node-pre-gyp@0.14.0
77 silly idealTree +-- nodemon@2.0.2
77 silly idealTree | `-- supports-color@5.5.0
77 silly idealTree +-- nopt@4.0.3
77 silly idealTree +-- normalize-path@3.0.0
77 silly idealTree +-- npm-bundled@1.1.1
77 silly idealTree +-- npm-normalize-package-bin@1.0.1
77 silly idealTree +-- npm-packlist@1.4.8
77 silly idealTree +-- npm-run-path@2.0.2
77 silly idealTree +-- npmlog@4.1.2
77 silly idealTree +-- number-is-nan@1.0.1
77 silly idealTree +-- oauth-sign@0.9.0
77 silly idealTree +-- object-assign@4.1.1
77 silly idealTree +-- on-finished@2.3.0
77 silly idealTree +-- once@1.4.0
77 silly idealTree +-- os-homedir@1.0.2
77 silly idealTree +-- os-tmpdir@1.0.2
77 silly idealTree +-- osenv@0.1.5
77 silly idealTree +-- p-finally@1.0.0
77 silly idealTree +-- package-json@4.0.1
77 silly idealTree +-- parseurl@1.3.3
77 silly idealTree +-- path-is-absolute@1.0.1
77 silly idealTree +-- path-is-inside@1.0.2
77 silly idealTree +-- path-key@2.0.1
77 silly idealTree +-- path-to-regexp@0.1.7
77 silly idealTree +-- performance-now@2.1.0
77 silly idealTree +-- picomatch@2.2.1
77 silly idealTree +-- pify@4.0.1
77 silly idealTree +-- postcss-modules-extract-imports@2.0.0
77 silly idealTree +-- postcss-modules-local-by-default@3.0.2
77 silly idealTree +-- postcss-modules-scope@2.1.1
77 silly idealTree +-- postcss-modules-values@3.0.0
77 silly idealTree +-- postcss-selector-parser@6.0.2
77 silly idealTree +-- postcss-value-parser@4.0.3
77 silly idealTree +-- postcss@7.0.27
77 silly idealTree +-- prepend-http@1.0.4
77 silly idealTree +-- process-nextick-args@2.0.1
77 silly idealTree +-- promise@7.3.1
77 silly idealTree +-- proxy-addr@2.0.6
77 silly idealTree +-- prr@1.0.1
77 silly idealTree +-- pseudomap@1.0.2
77 silly idealTree +-- psl@1.7.0
77 silly idealTree +-- pstree.remy@1.1.7
77 silly idealTree +-- punycode@2.1.1
77 silly idealTree +-- qs@6.7.0
77 silly idealTree +-- range-parser@1.2.1
77 silly idealTree +-- raw-body@2.4.0
77 silly idealTree +-- rc@1.2.8
77 silly idealTree | `-- minimist@1.2.3
77 silly idealTree +-- readable-stream@2.3.7
77 silly idealTree | `-- safe-buffer@5.1.2
77 silly idealTree +-- readdirp@3.3.0
77 silly idealTree +-- regexp-clone@1.0.0
77 silly idealTree +-- registry-auth-token@3.4.0
77 silly idealTree +-- registry-url@3.1.0
77 silly idealTree +-- request@2.88.2
77 silly idealTree | `-- qs@6.5.2
77 silly idealTree +-- require_optional@1.0.1
77 silly idealTree +-- resolve-from@2.0.0
77 silly idealTree +-- rimraf@2.7.1
77 silly idealTree +-- safe-buffer@5.2.0
77 silly idealTree +-- safer-buffer@2.1.2
77 silly idealTree +-- saslprep@1.0.3
77 silly idealTree +-- sax@1.2.4
77 silly idealTree +-- schema-utils@2.6.4
77 silly idealTree +-- semver-diff@2.1.0
77 silly idealTree +-- semver@5.7.1
77 silly idealTree +-- send@0.17.1
77 silly idealTree | +-- debug@2.6.9
77 silly idealTree | | `-- ms@2.0.0
77 silly idealTree | `-- ms@2.1.1
77 silly idealTree +-- serve-static@1.14.1
77 silly idealTree +-- set-blocking@2.0.0
77 silly idealTree +-- setprototypeof@1.1.1
77 silly idealTree +-- shebang-command@1.2.0
77 silly idealTree +-- shebang-regex@1.0.0
77 silly idealTree +-- sift@7.0.1
77 silly idealTree +-- signal-exit@3.0.2
77 silly idealTree +-- sliced@1.0.1
77 silly idealTree +-- source-map@0.6.1
77 silly idealTree +-- sparse-bitfield@3.0.3
77 silly idealTree +-- sshpk@1.16.1
77 silly idealTree +-- statuses@1.5.0
77 silly idealTree +-- string_decoder@1.1.1
77 silly idealTree | `-- safe-buffer@5.1.2
77 silly idealTree +-- string-width@1.0.2
77 silly idealTree +-- strip-ansi@3.0.1
77 silly idealTree +-- strip-eof@1.0.0
77 silly idealTree +-- strip-json-comments@2.0.1
77 silly idealTree +-- stripe@8.29.0
77 silly idealTree +-- style-loader@1.1.3
77 silly idealTree +-- supports-color@6.1.0
77 silly idealTree +-- tar@4.4.13
77 silly idealTree +-- term-size@1.2.0
77 silly idealTree +-- timed-out@4.0.1
77 silly idealTree +-- to-regex-range@5.0.1
77 silly idealTree +-- toidentifier@1.0.0
77 silly idealTree +-- touch@3.1.0
77 silly idealTree | `-- nopt@1.0.10
77 silly idealTree +-- tough-cookie@2.5.0
77 silly idealTree +-- tslib@1.11.1
77 silly idealTree +-- tunnel-agent@0.6.0
77 silly idealTree +-- tweetnacl@0.14.5
77 silly idealTree +-- type-is@1.6.18
77 silly idealTree +-- undefsafe@2.0.3
77 silly idealTree | +-- debug@2.6.9
77 silly idealTree | `-- ms@2.0.0
77 silly idealTree +-- uniq@1.0.1
77 silly idealTree +-- unique-string@1.0.0
77 silly idealTree +-- unpipe@1.0.0
77 silly idealTree +-- unzip-response@2.0.1
77 silly idealTree +-- update-notifier@2.5.0
77 silly idealTree +-- uri-js@4.2.2
77 silly idealTree +-- url-parse-lax@1.0.0
77 silly idealTree +-- util-deprecate@1.0.2
77 silly idealTree +-- utils-merge@1.0.1
77 silly idealTree +-- uuid@3.4.0
77 silly idealTree +-- vary@1.1.2
77 silly idealTree +-- verror@1.10.0
77 silly idealTree +-- which@1.3.1
77 silly idealTree +-- wide-align@1.1.3
77 silly idealTree +-- widest-line@2.0.1
77 silly idealTree | +-- ansi-regex@3.0.0
77 silly idealTree | +-- is-fullwidth-code-point@2.0.0
77 silly idealTree | +-- string-width@2.1.1
77 silly idealTree | `-- strip-ansi@4.0.0
77 silly idealTree +-- wrappy@1.0.2
77 silly idealTree +-- write-file-atomic@2.4.3
77 silly idealTree +-- xdg-basedir@3.0.0
77 silly idealTree `-- yallist@3.1.1
78 silly generateActionsToTake Starting
79 silly install generateActionsToTake
80 silly generateActionsToTake Finishing
81 silly diffTrees action count 1
82 silly diffTrees add bcrypt@4.0.1
83 silly decomposeActions action count 8
84 silly decomposeActions fetch bcrypt@4.0.1
85 silly decomposeActions extract bcrypt@4.0.1
86 silly decomposeActions test bcrypt@4.0.1
87 silly decomposeActions preinstall bcrypt@4.0.1
88 silly decomposeActions build bcrypt@4.0.1
89 silly decomposeActions install bcrypt@4.0.1
90 silly decomposeActions postinstall bcrypt@4.0.1
91 silly decomposeActions finalize bcrypt@4.0.1
92 silly executeActions Starting
93 silly install executeActions
94 silly doSerial global-install 0
95 silly doParallel fetch 1
96 verbose lock using /home/pysix/.npm/_locks/staging-9b1fc0350fdad61f.lock for /home/pysix/Downloads/myApps-master/carbooking-backend/node_modules/.staging
97 silly doParallel extract 1
98 silly extract bcrypt@4.0.1
99 verbose unbuild node_modules/.staging/bcrypt-08a941ee
100 silly gentlyRm /home/pysix/Downloads/myApps-master/carbooking-backend/node_modules/.staging/bcrypt-08a941ee is being purged from base /home/pysix/Downloads/myApps-master/carbooking-backend
101 verbose gentlyRm don't care about contents; nuking /home/pysix/Downloads/myApps-master/carbooking-backend/node_modules/.staging/bcrypt-08a941ee
102 verbose tar unpack /home/pysix/.npm/bcrypt/4.0.1/package.tgz
103 verbose tar unpacking to /home/pysix/Downloads/myApps-master/carbooking-backend/node_modules/.staging/bcrypt-08a941ee
104 silly gentlyRm /home/pysix/Downloads/myApps-master/carbooking-backend/node_modules/.staging/bcrypt-08a941ee is being purged
105 verbose gentlyRm don't care about contents; nuking /home/pysix/Downloads/myApps-master/carbooking-backend/node_modules/.staging/bcrypt-08a941ee
106 silly gunzTarPerm modes [ '755', '644' ]
107 silly gunzTarPerm extractEntry .editorconfig
108 silly gunzTarPerm extractEntry LICENSE
109 silly gunzTarPerm extractEntry Makefile
110 silly gunzTarPerm extractEntry src/bcrypt_node.cc
111 silly gunzTarPerm extractEntry src/bcrypt.cc
112 silly gunzTarPerm extractEntry src/blowfish.cc
113 silly gunzTarPerm extractEntry binding.gyp
114 silly gunzTarPerm extractEntry src/node_blf.h
115 silly gunzTarPerm extractEntry examples/async_compare.js
116 silly gunzTarPerm extractEntry test/async.js
117 silly gunzTarPerm extractEntry bcrypt.js
118 silly gunzTarPerm extractEntry examples/forever_gen_salt.js
119 silly gunzTarPerm extractEntry test/implementation.js
120 silly gunzTarPerm extractEntry test/promise.js
121 silly gunzTarPerm extractEntry promises.js
122 silly gunzTarPerm extractEntry test/repetitions.js
123 silly gunzTarPerm extractEntry test/sync.js
124 silly gunzTarPerm extractEntry package.json
125 silly gunzTarPerm extractEntry CHANGELOG.md
126 silly gunzTarPerm extractEntry ISSUE_TEMPLATE.md
127 silly gunzTarPerm extractEntry README.md
128 silly gunzTarPerm extractEntry test_alpine.sh
129 silly gunzTarPerm extractEntry bcrypt-4.0.1.tgz
130 silly gunzTarPerm extractEntry .travis.yml
131 silly gunzTarPerm extractEntry appveyor.yml
132 silly gentlyRm /home/pysix/Downloads/myApps-master/carbooking-backend/node_modules/.staging/bcrypt-08a941ee/node_modules is being purged
133 verbose gentlyRm don't care about contents; nuking /home/pysix/Downloads/myApps-master/carbooking-backend/node_modules/.staging/bcrypt-08a941ee/node_modules
134 silly doParallel preinstall 1
135 silly preinstall bcrypt@4.0.1 /home/pysix/Downloads/myApps-master/carbooking-backend/node_modules/.staging/bcrypt-08a941ee
136 info lifecycle bcrypt@4.0.1~preinstall: bcrypt@4.0.1
137 silly lifecycle bcrypt@4.0.1~preinstall: no script for preinstall, continuing
138 silly doReverseSerial remove 0
139 silly doSerial move 0
140 silly doSerial finalize 1
141 silly finalize /home/pysix/Downloads/myApps-master/carbooking-backend/node_modules/bcrypt
142 silly doSerial build 1
143 silly build bcrypt@4.0.1
144 info linkStuff bcrypt@4.0.1
145 silly linkStuff bcrypt@4.0.1 has /home/pysix/Downloads/myApps-master/carbooking-backend/node_modules as its parent node_modules
146 verbose linkBins bcrypt@4.0.1
147 verbose linkMans bcrypt@4.0.1
148 silly doSerial global-link 0
149 silly doParallel update-linked 0
150 silly doSerial install 1
151 silly install bcrypt@4.0.1 /home/pysix/Downloads/myApps-master/carbooking-backend/node_modules/.staging/bcrypt-08a941ee
152 info lifecycle bcrypt@4.0.1~install: bcrypt@4.0.1
153 verbose lifecycle bcrypt@4.0.1~install: unsafe-perm in lifecycle true
154 verbose lifecycle bcrypt@4.0.1~install: PATH: /usr/share/npm/bin/node-gyp-bin:/home/pysix/Downloads/myApps-master/carbooking-backend/node_modules/bcrypt/node_modules/.bin:/home/pysix/Downloads/myApps-master/carbooking-backend/node_modules/.bin:/usr/local/sbin:/usr/local/bin:/usr/sbin:/usr/bin:/sbin:/bin:/usr/games:/usr/local/games:/snap/bin
155 verbose lifecycle bcrypt@4.0.1~install: CWD: /home/pysix/Downloads/myApps-master/carbooking-backend/node_modules/bcrypt
156 silly lifecycle bcrypt@4.0.1~install: Args: [ '-c', 'node-pre-gyp install --fallback-to-build' ]
157 silly lifecycle bcrypt@4.0.1~install: Returned: code: 1  signal: null
158 info lifecycle bcrypt@4.0.1~install: Failed to exec install script
159 verbose unlock done using /home/pysix/.npm/_locks/staging-9b1fc0350fdad61f.lock for /home/pysix/Downloads/myApps-master/carbooking-backend/node_modules/.staging
160 silly rollbackFailedOptional Starting
161 silly rollbackFailedOptional Finishing
162 silly runTopLevelLifecycles Starting
163 silly runTopLevelLifecycles Finishing
164 silly install printInstalled
165 warn optional Skipping failed optional dependency /chokidar/fsevents:
166 warn notsup Not compatible with your operating system or architecture: fsevents@2.1.2
167 warn css-loader@3.4.2 requires a peer of webpack@^4.0.0 || ^5.0.0 but none was installed.
168 warn less-loader@5.0.0 requires a peer of webpack@^2.0.0 || ^3.0.0 || ^4.0.0 but none was installed.
169 warn style-loader@1.1.3 requires a peer of webpack@^4.0.0 || ^5.0.0 but none was installed.
170 warn carbooking-backend@1.0.0 No description
171 warn carbooking-backend@1.0.0 No repository field.
172 verbose stack Error: bcrypt@4.0.1 install: `node-pre-gyp install --fallback-to-build`
172 verbose stack Exit status 1
172 verbose stack     at EventEmitter.<anonymous> (/usr/share/npm/lib/utils/lifecycle.js:232:16)
172 verbose stack     at emitTwo (events.js:126:13)
172 verbose stack     at EventEmitter.emit (events.js:214:7)
172 verbose stack     at ChildProcess.<anonymous> (/usr/share/npm/lib/utils/spawn.js:24:14)
172 verbose stack     at emitTwo (events.js:126:13)
172 verbose stack     at ChildProcess.emit (events.js:214:7)
172 verbose stack     at maybeClose (internal/child_process.js:925:16)
172 verbose stack     at Process.ChildProcess._handle.onexit (internal/child_process.js:209:5)
173 verbose pkgid bcrypt@4.0.1
174 verbose cwd /home/pysix/Downloads/myApps-master/carbooking-backend
175 error Linux 5.3.0-28-generic
176 error argv "/usr/bin/node" "/usr/bin/npm" "i" "bcrypt"
177 error node v8.10.0
178 error npm  v3.5.2
179 error code ELIFECYCLE
180 error bcrypt@4.0.1 install: `node-pre-gyp install --fallback-to-build`
180 error Exit status 1
181 error Failed at the bcrypt@4.0.1 install script 'node-pre-gyp install --fallback-to-build'.
181 error Make sure you have the latest version of node.js and npm installed.
181 error If you do, this is most likely a problem with the bcrypt package,
181 error not with npm itself.
181 error Tell the author that this fails on your system:
181 error     node-pre-gyp install --fallback-to-build
181 error You can get information on how to open an issue for this project with:
181 error     npm bugs bcrypt
181 error Or if that isn't available, you can get their info via:
181 error     npm owner ls bcrypt
181 error There is likely additional logging output above.
182 verbose exit [ 1, true ]
